c:\users\izanc\downloads\codigo_v3\2dgame\02-bubble\02-bubble\release\vc143.pdb
c:\users\izanc\downloads\codigo_v3\2dgame\02-bubble\02-bubble\release\shaderprogram.obj
c:\users\izanc\downloads\codigo_v3\2dgame\02-bubble\02-bubble\release\shader.obj
c:\users\izanc\downloads\codigo_v3\2dgame\02-bubble\02-bubble\release\scene.obj
c:\users\izanc\downloads\codigo_v3\2dgame\02-bubble\02-bubble\release\player.obj
c:\users\izanc\downloads\codigo_v3\2dgame\02-bubble\02-bubble\release\menu.obj
c:\users\izanc\downloads\codigo_v3\2dgame\02-bubble\02-bubble\release\main.obj
c:\users\izanc\downloads\codigo_v3\2dgame\02-bubble\02-bubble\release\instructions.obj
c:\users\izanc\downloads\codigo_v3\2dgame\02-bubble\02-bubble\release\hearts.obj
c:\users\izanc\downloads\codigo_v3\2dgame\02-bubble\02-bubble\release\gameover.obj
c:\users\izanc\downloads\codigo_v3\2dgame\02-bubble\02-bubble\release\game.obj
c:\users\izanc\downloads\codigo_v3\2dgame\02-bubble\02-bubble\release\enemymanager.obj
c:\users\izanc\downloads\codigo_v3\2dgame\02-bubble\02-bubble\release\enemy4.obj
c:\users\izanc\downloads\codigo_v3\2dgame\02-bubble\02-bubble\release\enemy3.obj
c:\users\izanc\downloads\codigo_v3\2dgame\02-bubble\02-bubble\release\enemy2.obj
c:\users\izanc\downloads\codigo_v3\2dgame\02-bubble\02-bubble\release\enemy1.obj
c:\users\izanc\downloads\codigo_v3\2dgame\02-bubble\02-bubble\release\enemy.obj
c:\users\izanc\downloads\codigo_v3\2dgame\02-bubble\02-bubble\release\credits.obj
c:\users\izanc\downloads\codigo_v3\2dgame\02-bubble\02-bubble\release\boss.obj
c:\users\izanc\downloads\codigo_v3\2dgame\02-bubble\02-bubble\release\background.obj
c:\users\izanc\downloads\codigo_v3\2dgame\02-bubble\02-bubble\release\audio.obj
c:\users\izanc\downloads\codigo_v3\2dgame\02-bubble\02-bubble\release\win.obj
c:\users\izanc\downloads\codigo_v3\2dgame\02-bubble\02-bubble\release\tilemap.obj
c:\users\izanc\downloads\codigo_v3\2dgame\02-bubble\02-bubble\release\texture.obj
c:\users\izanc\downloads\codigo_v3\2dgame\02-bubble\02-bubble\release\sprite.obj
c:\users\izanc\downloads\codigo_v3\2dgame\02-bubble\02-bubble\release\shotmanager.obj
c:\users\izanc\downloads\codigo_v3\2dgame\02-bubble\02-bubble\release\shot.obj
c:\users\izanc\onedrive\escritorio\universidad\q7\vj\projecte\2dgame\02-bubble\02-bubble\release\audio.obj
c:\users\izanc\onedrive\escritorio\universidad\q7\vj\projecte\2dgame\02-bubble\02-bubble\release\background.obj
c:\users\izanc\onedrive\escritorio\universidad\q7\vj\projecte\2dgame\02-bubble\02-bubble\release\boss.obj
c:\users\izanc\onedrive\escritorio\universidad\q7\vj\projecte\2dgame\02-bubble\02-bubble\release\credits.obj
c:\users\izanc\onedrive\escritorio\universidad\q7\vj\projecte\2dgame\02-bubble\02-bubble\release\enemy.obj
c:\users\izanc\onedrive\escritorio\universidad\q7\vj\projecte\2dgame\02-bubble\02-bubble\release\enemy1.obj
c:\users\izanc\onedrive\escritorio\universidad\q7\vj\projecte\2dgame\02-bubble\02-bubble\release\enemy2.obj
c:\users\izanc\onedrive\escritorio\universidad\q7\vj\projecte\2dgame\02-bubble\02-bubble\release\enemy3.obj
c:\users\izanc\onedrive\escritorio\universidad\q7\vj\projecte\2dgame\02-bubble\02-bubble\release\enemy4.obj
c:\users\izanc\onedrive\escritorio\universidad\q7\vj\projecte\2dgame\02-bubble\02-bubble\release\enemymanager.obj
c:\users\izanc\onedrive\escritorio\universidad\q7\vj\projecte\2dgame\02-bubble\02-bubble\release\game.obj
c:\users\izanc\onedrive\escritorio\universidad\q7\vj\projecte\2dgame\02-bubble\02-bubble\release\gameover.obj
c:\users\izanc\onedrive\escritorio\universidad\q7\vj\projecte\2dgame\02-bubble\02-bubble\release\hearts.obj
c:\users\izanc\onedrive\escritorio\universidad\q7\vj\projecte\2dgame\02-bubble\02-bubble\release\instructions.obj
c:\users\izanc\onedrive\escritorio\universidad\q7\vj\projecte\2dgame\02-bubble\02-bubble\release\main.obj
c:\users\izanc\onedrive\escritorio\universidad\q7\vj\projecte\2dgame\02-bubble\02-bubble\release\menu.obj
c:\users\izanc\onedrive\escritorio\universidad\q7\vj\projecte\2dgame\02-bubble\02-bubble\release\player.obj
c:\users\izanc\onedrive\escritorio\universidad\q7\vj\projecte\2dgame\02-bubble\02-bubble\release\scene.obj
c:\users\izanc\onedrive\escritorio\universidad\q7\vj\projecte\2dgame\02-bubble\02-bubble\release\shader.obj
c:\users\izanc\onedrive\escritorio\universidad\q7\vj\projecte\2dgame\02-bubble\02-bubble\release\shaderprogram.obj
c:\users\izanc\onedrive\escritorio\universidad\q7\vj\projecte\2dgame\02-bubble\02-bubble\release\shot.obj
c:\users\izanc\onedrive\escritorio\universidad\q7\vj\projecte\2dgame\02-bubble\02-bubble\release\shotmanager.obj
c:\users\izanc\onedrive\escritorio\universidad\q7\vj\projecte\2dgame\02-bubble\02-bubble\release\sprite.obj
c:\users\izanc\onedrive\escritorio\universidad\q7\vj\projecte\2dgame\02-bubble\02-bubble\release\texture.obj
c:\users\izanc\onedrive\escritorio\universidad\q7\vj\projecte\2dgame\02-bubble\02-bubble\release\tilemap.obj
c:\users\izanc\onedrive\escritorio\universidad\q7\vj\projecte\2dgame\02-bubble\02-bubble\release\win.obj
c:\users\izanc\onedrive\escritorio\universidad\q7\vj\projecte\2dgame\02-bubble\02-bubble\release\vc143.pdb
c:\users\izanc\onedrive\escritorio\universidad\q7\vj\projecte\2dgame\02-bubble\02-bubble\release\02-bubble.tlog\cl.command.1.tlog
c:\users\izanc\onedrive\escritorio\universidad\q7\vj\projecte\2dgame\02-bubble\02-bubble\release\02-bubble.tlog\cl.read.1.tlog
c:\users\izanc\onedrive\escritorio\universidad\q7\vj\projecte\2dgame\02-bubble\02-bubble\release\02-bubble.tlog\cl.write.1.tlog
c:\users\izanc\onedrive\escritorio\universidad\q7\vj\projecte\2dgame\02-bubble\02-bubble\release\02-bubble.tlog\link.command.1.tlog
c:\users\izanc\onedrive\escritorio\universidad\q7\vj\projecte\2dgame\02-bubble\02-bubble\release\02-bubble.tlog\link.read.1.tlog
c:\users\izanc\onedrive\escritorio\universidad\q7\vj\projecte\2dgame\02-bubble\02-bubble\release\02-bubble.tlog\link.write.1.tlog
